{
  "RSpec": {
    "coverage": {
      "/Users/somayeh/Projects/Bank-teck-test/spec/account_spec.rb": [
        1,
        1,
        null,
        3,
        null,
        1,
        1,
        1,
        1,
        null,
        null,
        null,
        1,
        1,
        1,
        1,
        null,
        null,
        null,
        null,
        null
      ],
      "/Users/somayeh/Projects/Bank-teck-test/lib/account.rb": [
        1,
        null,
        1,
        null,
        1,
        2,
        null,
        null,
        1,
        1,
        null,
        null,
        null
      ]
    },
    "timestamp": 1524492658
  }
}
